  cwk3.cpp
c:\users\hercu\cloudstation\gitshit\comp3214_cwk3\comp3214_cwk3\comp3214_cwk3\glslprogram.h(141): warning C4267: 'argument': conversion from 'size_t' to 'int', possible loss of data
c:\users\hercu\cloudstation\gitshit\comp3214_cwk3\comp3214_cwk3\comp3214_cwk3\include\glm\glm\gtc\noise.inl(623): warning C4002: too many actual parameters for macro 'max'
c:\users\hercu\cloudstation\gitshit\comp3214_cwk3\comp3214_cwk3\comp3214_cwk3\include\glm\glm\gtc\noise.inl(661): warning C4002: too many actual parameters for macro 'min'
c:\users\hercu\cloudstation\gitshit\comp3214_cwk3\comp3214_cwk3\comp3214_cwk3\include\glm\glm\gtc\noise.inl(662): warning C4002: too many actual parameters for macro 'max'
c:\users\hercu\cloudstation\gitshit\comp3214_cwk3\comp3214_cwk3\comp3214_cwk3\include\glm\glm\gtc\noise.inl(718): warning C4002: too many actual parameters for macro 'max'
c:\users\hercu\cloudstation\gitshit\comp3214_cwk3\comp3214_cwk3\comp3214_cwk3\include\glm\glm\gtc\noise.inl(800): warning C4002: too many actual parameters for macro 'max'
c:\users\hercu\cloudstation\gitshit\comp3214_cwk3\comp3214_cwk3\comp3214_cwk3\include\glm\glm\gtc\noise.inl(801): warning C4002: too many actual parameters for macro 'max'
cwk3.cpp(262): warning C4305: 'argument': truncation from 'double' to 'float'
cwk3.cpp(405): warning C4305: 'argument': truncation from 'double' to 'float'
cwk3.cpp(406): warning C4305: 'argument': truncation from 'double' to 'float'
cwk3.cpp(407): warning C4305: 'argument': truncation from 'double' to 'float'
cwk3.cpp(409): warning C4305: 'argument': truncation from 'double' to 'float'
cwk3.cpp(410): warning C4305: 'argument': truncation from 'double' to 'float'
cwk3.cpp(411): warning C4305: 'argument': truncation from 'double' to 'float'
cwk3.cpp(412): warning C4305: 'argument': truncation from 'double' to 'float'
cwk3.cpp(421): warning C4305: 'argument': truncation from 'double' to 'float'
cwk3.cpp(430): warning C4305: 'argument': truncation from 'double' to 'float'
cwk3.cpp(439): warning C4305: 'argument': truncation from 'double' to 'float'
cwk3.cpp(788): warning C4244: 'argument': conversion from 'float' to 'int', possible loss of data
cwk3.cpp(789): warning C4244: 'argument': conversion from 'float' to 'int', possible loss of data
cwk3.cpp(790): warning C4244: 'argument': conversion from 'float' to 'int', possible loss of data
cwk3.cpp(791): warning C4244: 'argument': conversion from 'float' to 'int', possible loss of data
cwk3.cpp(792): warning C4244: 'argument': conversion from 'float' to 'int', possible loss of data
cwk3.cpp(794): warning C4244: 'argument': conversion from 'float' to 'int', possible loss of data
cwk3.cpp(1001): warning C4244: 'initializing': conversion from 'float' to 'int', possible loss of data
cwk3.cpp(1043): warning C4244: 'argument': conversion from 'float' to 'int', possible loss of data
  Generating code
  763 of 5398 functions (14.1%) were compiled, the rest were copied from previous compilation.
    0 functions were new in current compilation
    123 functions had inline decision re-evaluated but remain unchanged
  Finished generating code
  comp3214_cwk3.vcxproj -> C:\Users\hercu\CloudStation\GitShit\comp3214_cwk3\comp3214_cwk3\x64\Release\comp3214_cwk3.exe
  comp3214_cwk3.vcxproj -> C:\Users\hercu\CloudStation\GitShit\comp3214_cwk3\comp3214_cwk3\x64\Release\comp3214_cwk3.pdb (Full PDB)
